

Microchip MPLAB XC8 Assembler V2.32 build 20210201212658 
                                                                                                           Tue Mar 01 10:26:24 2022


     1                           	processor	18F87K22
     2                           	pagewidth 132
     3                           	psect	udata_acs,global,class=COMRAM,space=1,delta=1,lowdata,noexec
     4                           	psect	udata_bank0,global,class=BANK0,space=1,delta=1,lowdata,noexec
     5                           	psect	udata_bank1,global,class=BANK1,space=1,delta=1,lowdata,noexec
     6                           	psect	udata_bank2,global,class=BANK2,space=1,delta=1,lowdata,noexec
     7                           	psect	udata_bank3,global,class=BANK3,space=1,delta=1,lowdata,noexec
     8                           	psect	udata_bank4,global,class=BANK4,space=1,delta=1,lowdata,noexec
     9                           	psect	udata_bank5,global,class=BANK5,space=1,delta=1,lowdata,noexec
    10                           	psect	udata_bank6,global,class=BANK6,space=1,delta=1,lowdata,noexec
    11                           	psect	udata_bank7,global,class=BANK7,space=1,delta=1,lowdata,noexec
    12                           	psect	udata_bank8,global,class=BANK8,space=1,delta=1,lowdata,noexec
    13                           	psect	udata_bank9,global,class=BANK9,space=1,delta=1,lowdata,noexec
    14                           	psect	udata_bank10,global,class=BANK10,space=1,delta=1,lowdata,noexec
    15                           	psect	udata_bank11,global,class=BANK11,space=1,delta=1,lowdata,noexec
    16                           	psect	udata_bank12,global,class=BANK12,space=1,delta=1,lowdata,noexec
    17                           	psect	udata_bank13,global,class=BANK13,space=1,delta=1,lowdata,noexec
    18                           	psect	udata_bank14,global,class=BANK14,space=1,delta=1,lowdata,noexec
    19                           	psect	udata_bank15,global,class=BANK15,space=1,delta=1,lowdata,noexec
    20                           	psect	udata,global,class=RAM,space=1,delta=1,noexec
    21                           	psect	code,global,reloc=2,class=CODE,delta=1
    22                           	psect	data,global,reloc=2,class=CONST,delta=1,noexec
    23                           	psect	edata,global,class=EEDATA,space=3,delta=2,noexec
    24                           	psect	dac_code,global,class=CODE,delta=1
    25  0000                     
    26                           	psect	edata
    27  0000                     stk_offset	set	0
    28  0000                     auto_size	set	0
    29                           
    30                           ; stack_auto defines a symbol /name/_offset which equates to the
    31                           ; stack offset of the auto object in question
    32  000000                     
    33                           ; stack_param defines a symbol /name/_offset which equates to the
    34                           ; stack offset of the parameter object in question
    35  000000                     
    36                           ; alloc_stack adjusts the SP to allocate space for auto objects
    37                           ; it also links in to the btemp symbol so that can be used
    38  000000                     
    39                           ; restore_stack adjusts the SP to remove all auto and parameter
    40                           ; objects from the stack prior to returning from a function
    41  000000                     
    42                           	psect	dac_code
    43  01FFE8                     DAC_Int_Hi:
    44                           	callstack 0
    45  01FFE8  A4F2               	btfss	242,2,c	; check that this is timer0 interrupt
    46  01FFEA  0011               	retfie		f	; if not then return
    47  01FFEC  2A91               	incf	3985,f,c	; increment PORTJ
    48  01FFEE  94F2               	bcf	242,2,c	; clear interrupt flag
    49  01FFF0  0011               	retfie		f	; fast return from interrupt
    50  01FFF2                     DAC_Setup:
    51                           	callstack 0
    52  01FFF2  6A9A               	clrf	3994,c	; Set PORTJ as all outputs
    53  01FFF4  6A91               	clrf	3985,c	; Clear PORTJ outputs
    54  01FFF6  0E87               	movlw	135	; Set timer0 to 16-bit, Fosc/4/256
    55  01FFF8  6ED5               	movwf	4053,c	; = 62.5KHz clock rate, approx 1sec rollover
    56  01FFFA  8AF2               	bsf	242,5,c	; Enable timer0 interrupt
    57  01FFFC  8EF2               	bsf	242,7,c	; Enable all interrupts
    58  01FFFE  0012               	return	
    59                           tosu	equ	0xFFF
    60                           tosh	equ	0xFFE
    61                           tosl	equ	0xFFD
    62                           stkptr	equ	0xFFC
    63                           pclatu	equ	0xFFB
    64                           pclath	equ	0xFFA
    65                           pcl	equ	0xFF9
    66                           tblptru	equ	0xFF8
    67                           tblptrh	equ	0xFF7
    68                           tblptrl	equ	0xFF6
    69                           tablat	equ	0xFF5
    70                           prodh	equ	0xFF4
    71                           prodl	equ	0xFF3
    72                           indf0	equ	0xFEF
    73                           postinc0	equ	0xFEE
    74                           postdec0	equ	0xFED
    75                           preinc0	equ	0xFEC
    76                           plusw0	equ	0xFEB
    77                           fsr0h	equ	0xFEA
    78                           fsr0l	equ	0xFE9
    79                           wreg	equ	0xFE8
    80                           indf1	equ	0xFE7
    81                           postinc1	equ	0xFE6
    82                           postdec1	equ	0xFE5
    83                           preinc1	equ	0xFE4
    84                           plusw1	equ	0xFE3
    85                           fsr1h	equ	0xFE2
    86                           fsr1l	equ	0xFE1
    87                           bsr	equ	0xFE0
    88                           indf2	equ	0xFDF
    89                           postinc2	equ	0xFDE
    90                           postdec2	equ	0xFDD
    91                           preinc2	equ	0xFDC
    92                           plusw2	equ	0xFDB
    93                           fsr2h	equ	0xFDA
    94                           fsr2l	equ	0xFD9
    95                           status	equ	0xFD8


Microchip Technology PIC18 Macro Assembler V2.32 build 20210201212658 
Symbol Table                                                                                               Tue Mar 01 10:26:24 2022

                            LATJ 000F91                             T0CON 000FD5                             TRISJ 000F9A  
                          INTCON 000FF2                        DAC_Int_Hi FFE8                           isa$std 000001  
                       DAC_Setup FFF2                         isa$xinst 000000  
